<?xml version="1.0" encoding="UTF-8"?>
<!-- Generated by org.testng.reporters.JUnitXMLReporter -->
<testsuite hostname="DESKTOP-JBATEUQ" ignored="0" name="Test" tests="1" failures="1" timestamp="10 Jul 2021 07:28:31 GMT" time="19.084" errors="0">
  <testcase name="GetWeatherDetails" time="8.431" classname="TestCases.TestCase001">
    <failure type="java.lang.AssertionError" message="expected [Passed] but found [Failed]">
      <![CDATA[java.lang.AssertionError: expected [Passed] but found [Failed]
at TestCases.TestCase001.GetWeatherDetails(TestCase001.java:72)
... Removed 31 stack frames]]>
    </failure>
  </testcase> <!-- GetWeatherDetails -->
</testsuite> <!-- Test -->
